Line 286: Class Threed.SSPanel of control SSPanel1 was not a loaded control class.
Line 335: Class Threed.SSRibbon of control SSRibbon1 was not a loaded control class.
Line 352: Class Threed.SSRibbon of control SSRibbon1 was not a loaded control class.
Line 381: Class Threed.SSRibbon of control SSRibbon1 was not a loaded control class.
Line 416: Class Threed.SSRibbon of control SSRibbon1 was not a loaded control class.
Line 434: Class Threed.SSRibbon of control SSRibbon1 was not a loaded control class.
Line 452: Class Threed.SSRibbon of control SSRibbon1 was not a loaded control class.
Line 470: Class Threed.SSRibbon of control SSRibbon1 was not a loaded control class.
Line 487: Class Threed.SSRibbon of control SSRibbon1 was not a loaded control class.
Line 504: Class Threed.SSRibbon of control SSRibbon1 was not a loaded control class.
Line 521: Class Threed.SSRibbon of control SSRibbon1 was not a loaded control class.
Line 538: Class Threed.SSRibbon of control SSRibbon1 was not a loaded control class.
Line 555: Class Threed.SSRibbon of control SSRibbon1 was not a loaded control class.
Line 572: Class Threed.SSRibbon of control SSRibbon1 was not a loaded control class.
Line 589: Class Threed.SSRibbon of control SSRibbon1 was not a loaded control class.
Line 606: Class Threed.SSRibbon of control SSRibbon1 was not a loaded control class.
Line 623: Class Threed.SSRibbon of control SSRibbon1 was not a loaded control class.
Line 697: Class MIMELibCtl.MIME of control MIME1 was not a loaded control class.
Line 857: Class HTTPLibCtl.HTTP of control HTTP1 was not a loaded control class.
Line 870: Class IPINFOLibCtl.IPInfo of control IPInfo1 was not a loaded control class.
Line 879: Class NETCODELibCtl.NetCode of control NetCode1 was not a loaded control class.
Line 892: Class IPPORTLibCtl.IPPort of control IPPort1 was not a loaded control class.
