
Key ring: 'pubring.pgp'
Type Bits/KeyID    Date       User ID
pub  1024/B908F885 1999/05/03 M Hide <mhide@nym.alias.net>
pub  1024/4A912197 1999/04/07 Flash Remailer <remailer@flashmail.com>
pub  1024/3FDA9E81 1999/04/03 John Anonymous Remailer <remailer@cypherpunks.to>
pub  2048/52F36B21 1999/02/21 Brianne Remailer <brianne@drule.org>
pub  2048/94FDB227 1999/02/15 Widow Remailer (RSA) <Widow@wol.be>
pub  2048/261131D9 1998/12/13 Blackbird Anon Remailer <Blackbird@cpis.net>
pub  1024/890802ED 1998/10/28 Death's Door Remailer <remailer@deathsdoor.com>
                              Death's Door Remailer Admin <remailer_admin@deathsdoor.com>
pub  2047/A7AD41ED 1996/05/30 lcs Remailer <remail@anon.lcs.mit.edu>
pub  1024/1AE8163D 1998/09/02 furnace <furnace@uswest.net>
pub  1024/E216F3EF 1999/01/15 pilot <remailer@funlaw.com>
pub  2000/F878AFE9 1999/01/13 Clive Remailer <clive.remailer@usa.net>
pub  1024/7B2665A9 1998/09/06 Gretchen Remailer <gretchen@altern.org>
                              Gretchen Remailer <gretchen@neuropa.net>
pub  2001/4F9CC4E9 1999/01/06 PiraTech <remailer@piratech.net>
pub  2048/D620EAA1 1998/12/30 Drule Remailer <remailer@drule.org>
pub  1666/005D6735 1998/11/02 Virus Remailer <mix@codebreakers.org>
pub  2048/912CA289 1998/11/25 Squirrel Remailer <mix@squirrel.owl.de> (EXPIRE:1999-07-01)
pub  1024/77F37E45 1998/11/29 dctest <remailer@dragoncon.net>
pub  2048/F9201FC1 1998/10/14 nightmare remailer <nightmare@uni-muenster.de>
pub  1024/A7EE5179 1998/09/19 cripto <cripto@ecn.org>
                              Crypto remailer <anon@ecn.org>
pub  1024/BC789C45 1998/09/14 Anonymous Remailer <remailer@hr13.zedz.net>
pub  1024/E280729D 1998/08/23 Anonymous Remailer <mixer@nowhere.to>
pub  2048/25CA72E1 1998/07/04 Tea Remailer (from 04Jul1998) <tea@notatla.demon.co.uk>
                              Teatwo Remailer (from 04Jul1998) <teatwo@notatla.demon.co.uk>
pub  1024/DA20CE7D 1998/06/16 <config@dongco.hyperreal.art.pl>/<send@dongco.hyperreal.art.pl>
                              Hyperreal 'NYM' Server <help@dongco.hyperreal.art.pl>
pub  1024/A01F7AED 1998/06/17 hyperrreal anon remailer <mix@sind.hyperreal.art.pl>
pub  1024/C43FB6E9 1998/05/31 Georgia Cracker Anonymous Remailer <remailer@anon.efga.org>
pub  1024/A2CFCDED 1998/05/26 <config@redneck.efga.org>
                              <send@redneck.efga.org>
pub  1024/9D178A71 1998/02/21 base <remailer@base.xs4all.nl>
pub  2048/A0304BA5 1998/03/27 Mixmaster Remailer <mixmaster@remail.obscura.com> 2
pub  1024/7AE83315 1999/02/08 Rick James <rjames@nym.alias.net>
pub   512/46E0F49D 1999/02/06 junk124 <junk124@nym.alias.net>
pub   512/771E91BD 1999/02/06 junk123 <junk123@junk.com>
pub  1024/8587F2C1 1999/02/06 Richard Todd <rtodd@nym.alias.net>
pub   512/57839359 1996/08/22 Pooh <pooh@efga.org>
                              Peter J. Elfman <elf@efga.org>
                              Peter J. Elfman <elf@dragoncon.net>
                              Robert A. Costner <rcostner@intergate.net>
pub  1024/D6D4DF21 1998/12/26 pisupport <pisupport@itech.net.au>
pub  1024/22F42DA1 1997/12/12 grit_remailer <grit_remailer@juno.com>
pub  1024/90818EDD 1997/11/21 Anonymailer <anonymailer@juno.com>
pub  2047/AFAB09D9 1997/09/29 Palnu Remailer <palnu@juno.com>
pub  1024/4A69A1B3 1997/11/02 htp remailer <mixer@htp.org>
pub  1024/B40E5771 1997/10/29 Charm Quark <CharmQuark@juno.com>
pub  1024/F8770F25 1997/09/27 Privacy Remailer <remailer@privacy.nb.ca>
                              Privacy Remailer <remailer@privacynb.ml.org>
pub   768/FBFD6019 1997/09/22 Harry Tuttle Remailer II <h_tuttle@juno.com>
pub  1024/07F57231 1997/02/20 Antonomasia <ant@notatla.demon.co.uk>
pub  2048/C551BA85 1997/08/25 The Email Anonymizer <tea@notatla.demon.co.uk>
pub  1024/658F8B79 1997/10/25 au_remailer <remailer@itech.net.au>
pub  1024/16D50571 1997/10/05 topper <topper@itech.net.au>
pub  1024/2D325ECD 1997/10/05 Tim James <tjames@nym.alias.net>
pub  1024/32DD98D9 1992/09/11 Vesselin V. Bontchev <bontchev@fbihh.informatik.uni-hamburg.de>
pub  1024/8DE722D9 1992/07/22 Branko Lankester  <lankeste@fwi.uva.nl>
pub  1024/9D997D47 1992/08/02 Peter Gutmann <pgut1@cs.aukuni.ac.nz>
pub   510/DC620423 1992/08/27 Jean-loup Gailly <jloup@chorus.fr>
pub  1024/6B39B945 1992/09/11 mathew <mathew@mantis.co.uk>
pub   709/C1B06AF1 1992/09/25 Derek Atkins <warlord@MIT.EDU>
pub  1024/AB779F71 1992/10/08 Armando Ramos <100010.334@compuserve.com>
                              Armando Ramos <armando@clerval.org>
pub  1024/DA87C0C7 1992/10/17 Edgar Swank   <edgar@Garg.Campbell.CA.US>
                              Edgar W. Swank <edgar@spectrx.sbay.org>
pub  1024/B0C2EADB 1993/02/18 Harald Denker <harry@hal.westfalen.de>
pub  1024/C7A966DD 1993/05/21 Philip R. Zimmermann <prz@acm.org>
pub  1024/0778338D 1993/09/17 Philip L. Dubois <dubois@csn.org>
pub  1024/34D74DC1 1993/09/23 Peter Simons <simons@peti.rhein.de>
pub  1024/A770AE71 1994/02/26 John DeHaven <johnd@wov.com>
pub  1024/FBBB8AB1 1994/05/07 Colin Plumb <colin@nyx.cs.du.edu>
pub  1024/867D5589 1994/05/30 Robert A. Knop Jr. <rknop@netcom.com>
pub  1024/CCEF447D 1994/07/05 Stale Schumacher <stale@hypnotech.com>
                              Stale Schumacher <staalesc@ifi.uio.no>
pub  1024/0DBF906D 1994/08/27 Jeffrey I. Schiller <jis@mit.edu>
pub  1024/4E88FB61 1994/11/01 mathew <meta@harlequin.co.uk>
pub  1024/4793C529 1994/12/02 Hugh Miller <hmiller@luc.edu>
pub  1024/05DE8AF1 1995/08/27 Naoki SUGIYAMA <naoki-s@mbox.kyoto-inet.or.jp>
pub   512/3768240D 1997/09/22 Mr Casper <casper@alias.net>
pub  1024/F0FBE4F9 1997/08/03 bureau42 Anonymous Remailer <remailer@bureau42.ml.org>
                              Do NOT use old key 0xDDF40261!
pub   768/F8B58F8D 1997/07/20 Harry Tuttle Remailer <h_tuttle@rigel.cyberpass.net>
pub  1024/AE073605 1997/07/10 Goddess Hera Remailer <goddesshera@juno.com>
pub  1024/B97557DD 1997/07/11 Arrid Remailer <arrid@juno.com>
pub   768/1ED1AA11 1997/07/08 Senator Exxon_II <valdeez@juno.com>
pub  1024/FFA60A11 1997/05/27 Remailer <remailer@neva.org>
pub  2048/81E67349 1996/11/02 The MagusNet Anonymous Remailer <remail@magusnet.com>
                              The MagusNet Mixmaster Remailer <mix@magusnet.com>
pub  1024/D2283FB5 1997/06/05 <config@anon.efga.org>/<send@anon.efga.org>
                              <config@anon.efga.org/send@anon.efga.org>
pub  1024/1F93EAA9 1997/06/06 Georgia Cracker Anonymous Remailer <remailer@anon.efga.org>
pub  1024/7A798C95 1997/02/18 Hidden Net Remailer <remailer@hidden.net>
pub  1024/A50813D5 1997/01/09 Wazoo's Remailer <remailer@wazoo.com>
pub   768/934003AD 1996/11/15 WinSock Remailer <winsock@rigel.cyberpass.net>
pub  1024/0B11B275 1996/08/08 Squirrel Remailer <mix@squirrel.owl.de>
pub  1024/9CFDB7D5 1996/11/10 Reno Remailer <middleman@cyberpass.net>
pub  1024/038761FD 1996/10/21 Death's Door Remailer <x@deathsdoor.com>
pub  2047/B77F2491 1996/09/07 <config@weasel.owl.de>/<send@weasel.owl.de>
pub  1024/EEB5583D 1996/04/19 Cyberpass Nym-server <alias@alias.cyberpass.net>
pub  1024/E206E1E5 1996/08/18 MiddleMan Type-I Remailer at JPUnix.Com <middleman@jpunix.com>
pub  1024/A9D1583D 1996/08/08 Huge Cajones Remailer <remailer@huge.cajones.com>
pub  2047/0B60F1CD 1996/06/04 <config@nym.alias.net>/<send@nym.alias.net>
pub  1024/734C3A3D 1996/06/28 *** KEY REVOKED ***
                              John Anonymous MacDonald Remailer <remailer@cypherpunks.ca>
pub  1024/116C8839 1996/06/25 Anonymous remailer <lucifer@dhp.com>
pub   768/0EB40481 1995/07/14 Mixmaster Remailer <mixmaster@remail.obscura.com>
                              Mixmaster Remailer <mixmaster@obscura.com>
pub  1000/E7AEC1E5 1995/05/23 Replay Remailer Service <remailer@replay.com>
pub  1024/6CE12BF1 1995/06/27 Fred B. Ringel <fredr@rivertown.net>
                              Fred B. Ringel <fredr@joshua.rivertown.net>
                              Fred B. Ringel<you already have address or should>
pub  1024/88D780BD 1997/09/20 Alex Cameron <alex@itech.net.au>
93 matching keys found.
