athena athena@cyberpass.net 93f7d63e04739d56531cc9cb47f8b3ca 2.0.4b40 CNp
bird blackbird@cpis.net 916546837d6e272e50a873a477acb08a 2.0.4b45 CN
bpm remailer@bpm.ai faf72515772cc6136b41adb6b4e4836e 2.0.3
canuck canmail@home.com 1cc279c04c63e371b4b1309b51afa468 2.0.4b45 CN
cilla priscilla@spyral.net 324ccd81520e72d64abd98237cf07544 2.0.4b45 MCN
cracker remailer@anon.efga.org 2f67293f72e5961c235a7315af5bbc5c 2.0.4b40 MCN
cripto cripto@ecn.org acb6a30aac2f48b52d2c44ea4be14536 2.0.4b26 C
doom mix@seclab.com 326660c11e6389df3b4e156f43c0414b 2.0.4b41 C
fitugmix mixmaster@fitug.de 383573931819bf1743e80de4a74e19ed 2.0.4b43 CNm
hr13 remailer@hr13.zedz.net f10a765f5f1226028a5ca81024d52a91 2.0.4b40 CM
hyper mix@sind.hyperreal.art.pl fd1a9b954382506931fe3dd827b782a1 2.0.4b40 CNm
jam remailer@cypherpunks.to 622c0716cf1076ccd1fbc678b598b360 2.0.4b45 C
lcs mix@anon.lcs.mit.edu 0a28e8a7bd2133d59cf7db80c773176e 2.0.3 Np
mccain mccain@notatla.demon.co.uk 49894e1cc7629bbb54a3b5f98ba6f6d6 2.0.4b41 MC
mid mid@lo14.wroc.pl 76dcf3f803777367f99e6aa3dc993e92 2.0.4b43 MC
mix mixmaster@remail.obscura.com ca9d91c943070012c04a4fc340bb9bb2 2.0.4b32 CNp
mrhyde remailer@altfuel.net 796e7478ede3f5632d0974b8718a38b6 2.0.4b45 C
nitemare nightmare@uni-muenster.de 3df1e13a27f022f5451a4768d3dd6f78 2.0.4b32 MC
nowhere mixer@nowhere.to 4b29127aa5f09fd38d341594c727553a 2.0.4b41 C
olymp mixer@anon.olymp.org ebfb8825db09147163f7bb4ddc1d65e3 2.0.4b40 CNm
passthru mixer@immd1.informatik.uni-erlangen.de c07b204924a69939651ec445fd5b2404 2.0.4b40 MC
pilot remailer@funlaw.com d605299de517082691a5818b20cbdfc3 2.0.4b41 C
piratech remailer@piratech.net 33aaa2730a21314daab1e66f2a50de9e 2.9beta10 C
privacy remailer@privacy.nb.ca 412a89afbe8dc7796a887e7b6aa80423 2.0.4b43 C
reject remailer@reject.kewlhair.com 05293c9034412a81412aa1db635b00bf 2.0.4b43 CNm
replay remailer@replay.com e3e2b4d67314b6165ee03b0b0ae07a7f 2.0.4b23 CNm
squirrel mix@squirrel.owl.de fbbe440f88777158741b06063b2e3f89 2.9beta6 CNm
swiss mix@remailer.ch b7e5ea1edb446e941e65c030508c9608 2.0.4b39 CNm
teatwo teatwo@notatla.demon.co.uk 4568791f20d5e004225c78e04625bca4 2.0.4b41 MC
tristar mixer@cybergal.com 536fc5e02c98ab22c588c63abb4a1268 2.0.4b45 CN
widow Widow@wol.be 74d0ba4dd9bbaff1b478b2657f72fe79 2.0.4b41 M

